 
 2.9.5 (1.8.x)  EN FR DE KR EN FR DE KR 42911 12/14/2005 
 2.9.4k2 (1.8.0-1.8.4)  EN FR DE KR EN FR DE KR 92842 12/13/2005 
 2.9.4k (1.7.1)  EN FR DE KR EN FR DE KR 10604 10/05/2005 
 2.9.4 (1.7-1.7.1)  EN FR DE EN FR DE 27666 09/23/2005 
 2.9.3 (1.7-1.7.1)  EN FR DE EN FR DE 25586 09/19/2005 
 2.9.2 (1.6.0-1.6.1)  EN FR DE EN FR DE 72787 07/13/2005 
 2.9.1 (1.5.1)  EN FR DE EN FR DE 1139 07/13/2005 
 2.9 (1.5.1)  EN FR DE EN FR DE 9388 06/20/2005 
 2.8.1 (1.5.1)  EN FR DE EN FR DE 5138 06/17/2005 
 2.8 (1.5.1)  EN FR DE EN FR DE 2579 06/17/2005 
 2.7.2 (1.5.1)  EN FR DE EN FR DE 5590 06/15/2005 
 2.7.1 (1.5.0-1.5.1)  EN FR DE EN FR DE 14894 06/07/2005 
 2.7.1 (1.4.2)  EN FR DE EN FR DE 5317 06/03/2005 
 2.7 (1.4.2)  EN FR DE EN FR DE 2434 06/03/2005 
 2.6.4 (1.4.2)  EN FR DE EN FR DE 1322 06/02/2005 
 2.6.3 (1.4.2)  EN FR DE EN FR DE 8635 05/20/2005 
 2.6.2 (1.3.1-1.4.2)  EN FR DE EN FR DE 21979 04/15/2005 
 2.6.1 (1.3.1)  EN FR DE EN FR 2654 04/14/2005 
 2.6 (1.3.1)  EN FR DE EN 2398 04/13/2005 
 2.1.1 (1.3.1)  EN FR DE EN 2398 04/12/2005 
 2.1 (bugged)  EN FR DE EN 1838 04/11/2005 
 2.0.2 (1.3.1)  EN FR DE EN 13073 03/26/2005 
 2.0.1 (1.3.1)  EN FR DE EN 2324 03/25/2005 
 2.0 (1.2.4 4216)  EN FR DE EN 8221 02/22/2005 
 2.0 (1.2.3 4211)  EN FR DE EN 2014 02/21/2005 
 1.7a (1.2.3 4211)  EN FR DE EN FR DE 2914 02/11/2005 
 1.7 (4150)  EN FR DE EN FR DE 1732 02/03/2005 
 1.7 (4196)  EN FR DE EN FR DE 1213 02/03/2005 
 1.6 (4150)  EN  1229 01/31/2005 
 1.6 (4196)  EN FR DE  1163 01/31/2005 
 1.5  EN  1277 01/30/2005 
